SF:lib/core/service/network_connectivity.dart
DA:5,1
DA:6,1
DA:7,3
LF:3
LH:3
end_of_record
SF:lib/core/interface/response/network_error.dart
DA:8,12
LF:1
LH:1
end_of_record
SF:lib/core/usecases/usecase.dart
DA:10,1
DA:12,1
LF:2
LH:2
end_of_record
SF:lib/features/coinlist/domain/usecases/get_coin_list.dart
DA:9,1
DA:11,1
DA:12,3
LF:3
LH:3
end_of_record
SF:lib/features/coinlist/presentation/bloc/coinlist_bloc.dart
DA:13,1
DA:14,1
DA:15,1
DA:19,2
DA:21,1
DA:23,4
DA:24,3
DA:25,1
DA:26,1
DA:27,1
LF:10
LH:10
end_of_record
SF:lib/core/interface/api_client/base_client_generator.dart
DA:2,12
DA:9,2
DA:10,2
LF:3
LH:3
end_of_record
SF:lib/core/service/api_holder.dart
DA:8,12
DA:11,3
DA:14,3
DA:16,3
DA:17,6
DA:20,3
DA:22,6
DA:25,3
DA:27,3
DA:28,3
DA:32,3
DA:34,3
DA:35,3
DA:41,3
DA:43,3
DA:44,6
LF:16
LH:16
end_of_record
SF:lib/core/service/network_creator.dart
DA:9,2
DA:11,2
DA:13,6
DA:14,2
DA:15,2
DA:16,2
DA:17,2
DA:18,2
DA:19,2
DA:20,2
DA:21,2
DA:22,1
DA:23,4
DA:24,2
LF:14
LH:14
end_of_record
SF:lib/core/service/network_options/network_options.dart
DA:4,1
LF:1
LH:1
end_of_record
SF:lib/core/single_source_of_truth/network_decoder.dart
DA:7,1
DA:9,2
DA:10,1
DA:11,5
DA:14,2
DA:17,1
LF:6
LH:6
end_of_record
SF:lib/core/single_source_of_truth/network_executer.dart
DA:17,1
DA:22,1
DA:26,3
DA:29,3
DA:32,3
DA:33,2
DA:35,1
DA:38,1
DA:39,1
DA:40,3
DA:41,2
DA:44,1
DA:45,1
DA:46,4
DA:47,3
DA:52,1
DA:53,2
LF:17
LH:17
end_of_record
SF:lib/features/coinlist/data/models/coin_model.dart
DA:102,2
DA:104,2
DA:107,2
DA:109,2
DA:110,2
DA:111,2
DA:112,2
DA:113,2
DA:114,2
DA:115,2
DA:116,2
DA:117,2
DA:118,2
DA:119,2
DA:120,2
DA:121,2
DA:122,2
DA:123,2
DA:124,2
DA:125,2
DA:126,2
DA:127,2
DA:128,2
DA:129,2
DA:130,2
DA:131,2
DA:132,2
DA:133,2
DA:134,2
DA:137,1
LF:30
LH:30
end_of_record
SF:lib/features/coinlist/data/repositories/coin_list_repository_impl.dart
DA:11,1
DA:12,1
DA:14,2
DA:15,1
LF:4
LH:4
end_of_record
